<?xml version="1.0" encoding="UTF-8"?>
<testsuite xmlns:xsi="http://www.w3.org/2001/XMLSchema-instance" xsi:noNamespaceSchemaLocation="https://maven.apache.org/surefire/maven-surefire-plugin/xsd/surefire-test-report.xsd" version="3.0.2" name="memory_allocator_tests.BitmapMemoryAllocatorTest" time="0.278" tests="31" errors="0" skipped="0" failures="0">
  <properties>
[...]
</properties>
  <testcase name="createWritesLengthPayloadAndFileSizes" classname="memory_allocator_tests.BitmapMemoryAllocatorTest" time="0.115"/>
  <testcase name="initializeRejectsBitmapFileWhoseLengthIsNotAWholeWord" classname="memory_allocator_tests.BitmapMemoryAllocatorTest" time="0.01"/>
  <testcase name="operationsRequireInitialization" classname="memory_allocator_tests.BitmapMemoryAllocatorTest" time="0.002"/>
  <testcase name="flushPersistsAllocationsAcrossBitmapWordBoundary" classname="memory_allocator_tests.BitmapMemoryAllocatorTest" time="0.005"/>
  <testcase name="exactBlockBoundaryPayloadUsesExpectedNumberOfBlocks" classname="memory_allocator_tests.BitmapMemoryAllocatorTest" time="0.002"/>
  <testcase name="operationsOnDeletedAllocationThrowAndReportUnallocated" classname="memory_allocator_tests.BitmapMemoryAllocatorTest" time="0.006"/>
  <testcase name="deletingMiddleAllocationPreservesNeighborsAndReusesGap" classname="memory_allocator_tests.BitmapMemoryAllocatorTest" time="0.002"/>
  <testcase name="updateToZeroLengthPayloadKeepsHeaderBlockAndFreesRemainingBlocks" classname="memory_allocator_tests.BitmapMemoryAllocatorTest" time="0.003"/>
  <testcase name="isAllocatedReturnsFalseForNegativeMisalignedAndEndOfFileAddresses" classname="memory_allocator_tests.BitmapMemoryAllocatorTest" time="0.003"/>
  <testcase name="initializeCreatesDatabaseFiles" classname="memory_allocator_tests.BitmapMemoryAllocatorTest" time="0.007"/>
  <testcase name="negativeAddressesThrowForReadUpdateDeleteAndGetLength" classname="memory_allocator_tests.BitmapMemoryAllocatorTest" time="0.005"/>
  <testcase name="invalidAddressesThrowForReadDeleteAndGetLength" classname="memory_allocator_tests.BitmapMemoryAllocatorTest" time="0.003"/>
  <testcase name="sequenceOfChangesKeepsAllocatorStateConsistent" classname="memory_allocator_tests.BitmapMemoryAllocatorTest" time="0.007"/>
  <testcase name="updateWithSmallerPayloadKeepsSameAddress" classname="memory_allocator_tests.BitmapMemoryAllocatorTest" time="0.005"/>
  <testcase name="updateWithLargerPayloadReturnsReadableAllocationAndClearsOldStart" classname="memory_allocator_tests.BitmapMemoryAllocatorTest" time="0.003"/>
  <testcase name="isAllocatedOnlyReturnsTrueForAllocationStartAddresses" classname="memory_allocator_tests.BitmapMemoryAllocatorTest" time="0.004"/>
  <testcase name="deleteClearsAllocationAndAllowsReuse" classname="memory_allocator_tests.BitmapMemoryAllocatorTest" time="0.003"/>
  <testcase name="readReturnsOriginalPayloadIncludingZeroBytes" classname="memory_allocator_tests.BitmapMemoryAllocatorTest" time="0.003"/>
  <testcase name="adjacentAllocationsRemainReadableAcrossMultipleCreates" classname="memory_allocator_tests.BitmapMemoryAllocatorTest" time="0.003"/>
  <testcase name="updatingSecondAdjacentAllocationShouldWorkIndependently" classname="memory_allocator_tests.BitmapMemoryAllocatorTest" time="0.004"/>
  <testcase name="deletingSecondAdjacentAllocationShouldNotDependOnPreviousBlockBeingClear" classname="memory_allocator_tests.BitmapMemoryAllocatorTest" time="0.004"/>
  <testcase name="zeroLengthPayloadCanBeCreatedReadAndDeleted" classname="memory_allocator_tests.BitmapMemoryAllocatorTest" time="0.003"/>
  <testcase name="getLengthReturnsStoredPayloadLength" classname="memory_allocator_tests.BitmapMemoryAllocatorTest" time="0.002"/>
  <testcase name="updatingFirstAllocationLargerDoesNotCorruptAdjacentAllocation" classname="memory_allocator_tests.BitmapMemoryAllocatorTest" time="0.003"/>
  <testcase name="flushPersistsDataAndBitmapForReopen" classname="memory_allocator_tests.BitmapMemoryAllocatorTest" time="0.004"/>
  <testcase name="flushAndReopenAfterDeletePreservesFreedState" classname="memory_allocator_tests.BitmapMemoryAllocatorTest" time="0.003"/>
  <testcase name="updateWithLargerPayloadAppendsWhenFreedGapIsTooSmall" classname="memory_allocator_tests.BitmapMemoryAllocatorTest" time="0.004"/>
  <testcase name="updateToSmallerPayloadFreesTrailingBlocksForReuse" classname="memory_allocator_tests.BitmapMemoryAllocatorTest" time="0.003"/>
  <testcase name="createAndUpdateRejectNullPayloads" classname="memory_allocator_tests.BitmapMemoryAllocatorTest" time="0.003"/>
  <testcase name="oneBytePastBlockBoundaryUsesNextWholeBlock" classname="memory_allocator_tests.BitmapMemoryAllocatorTest" time="0.004"/>
  <testcase name="closePersistsStateForReopen" classname="memory_allocator_tests.BitmapMemoryAllocatorTest" time="0.003"/>
</testsuite>