<?xml version="1.0" encoding="UTF-8"?>
<testsuite xmlns:xsi="http://www.w3.org/2001/XMLSchema-instance" xsi:noNamespaceSchemaLocation="https://maven.apache.org/surefire/maven-surefire-plugin/xsd/surefire-test-report.xsd" version="3.0.2" name="query_executor.DataTest" time="0.025" tests="8" errors="8" skipped="0" failures="0">
  <properties>
[...]
</properties>
  <testcase name="columnOperationProducesScalarAsOneRowOneColumnTable" classname="query_executor.DataTest" time="0.004">
    <error message="Unresolved compilation problems: &#10;	The declared package &quot;query_executor.nodes&quot; does not match the expected package &quot;query_executor&quot;&#10;	RowOperationKind cannot be resolved to a variable&#10;	ColumnOperationKind cannot be resolved to a variable&#10;	SelectionNode cannot be resolved to a type&#10;	SelectionNode cannot be resolved to a type&#10;	SelectionNode cannot be resolved to a type&#10;	SelectionNode cannot be resolved to a type&#10;	RowOperationNode cannot be resolved to a type&#10;	RowOperationNode cannot be resolved to a type&#10;	RowOperationKind cannot be resolved to a variable&#10;	DataReadNode cannot be resolved to a type&#10;	DataReadNode cannot be resolved to a type&#10;	SelectionNode cannot be resolved to a type&#10;	DataReadNode cannot be resolved to a type&#10;	DataReadNode cannot be resolved to a type&#10;	SelectionNode cannot be resolved to a type&#10;	JoinNode cannot be resolved to a type&#10;	JoinNode cannot be resolved to a type&#10;" type="java.lang.Error"><![CDATA[java.lang.Error: 
Unresolved compilation problems: 
	The declared package "query_executor.nodes" does not match the expected package "query_executor"
	RowOperationKind cannot be resolved to a variable
	ColumnOperationKind cannot be resolved to a variable
	SelectionNode cannot be resolved to a type
	SelectionNode cannot be resolved to a type
	SelectionNode cannot be resolved to a type
	SelectionNode cannot be resolved to a type
	RowOperationNode cannot be resolved to a type
	RowOperationNode cannot be resolved to a type
	RowOperationKind cannot be resolved to a variable
	DataReadNode cannot be resolved to a type
	DataReadNode cannot be resolved to a type
	SelectionNode cannot be resolved to a type
	DataReadNode cannot be resolved to a type
	DataReadNode cannot be resolved to a type
	SelectionNode cannot be resolved to a type
	JoinNode cannot be resolved to a type
	JoinNode cannot be resolved to a type

	at query_executor.DataTest.<init>(DataTest.java:1)
	at java.base/java.lang.reflect.Constructor.newInstanceWithCaller(Constructor.java:502)
	at java.base/java.lang.reflect.Constructor.newInstance(Constructor.java:486)
	at java.base/java.util.Optional.orElseGet(Optional.java:364)
	at java.base/java.util.ArrayList.forEach(ArrayList.java:1596)
	at java.base/java.util.ArrayList.forEach(ArrayList.java:1596)
]]></error>
  </testcase>
  <testcase name="applySelectionSupportsNestedBooleanFilters" classname="query_executor.DataTest" time="0.001">
    <error message="Unresolved compilation problems: &#10;	The declared package &quot;query_executor.nodes&quot; does not match the expected package &quot;query_executor&quot;&#10;	RowOperationKind cannot be resolved to a variable&#10;	ColumnOperationKind cannot be resolved to a variable&#10;	SelectionNode cannot be resolved to a type&#10;	SelectionNode cannot be resolved to a type&#10;	SelectionNode cannot be resolved to a type&#10;	SelectionNode cannot be resolved to a type&#10;	RowOperationNode cannot be resolved to a type&#10;	RowOperationNode cannot be resolved to a type&#10;	RowOperationKind cannot be resolved to a variable&#10;	DataReadNode cannot be resolved to a type&#10;	DataReadNode cannot be resolved to a type&#10;	SelectionNode cannot be resolved to a type&#10;	DataReadNode cannot be resolved to a type&#10;	DataReadNode cannot be resolved to a type&#10;	SelectionNode cannot be resolved to a type&#10;	JoinNode cannot be resolved to a type&#10;	JoinNode cannot be resolved to a type&#10;" type="java.lang.Error"><![CDATA[java.lang.Error: 
Unresolved compilation problems: 
	The declared package "query_executor.nodes" does not match the expected package "query_executor"
	RowOperationKind cannot be resolved to a variable
	ColumnOperationKind cannot be resolved to a variable
	SelectionNode cannot be resolved to a type
	SelectionNode cannot be resolved to a type
	SelectionNode cannot be resolved to a type
	SelectionNode cannot be resolved to a type
	RowOperationNode cannot be resolved to a type
	RowOperationNode cannot be resolved to a type
	RowOperationKind cannot be resolved to a variable
	DataReadNode cannot be resolved to a type
	DataReadNode cannot be resolved to a type
	SelectionNode cannot be resolved to a type
	DataReadNode cannot be resolved to a type
	DataReadNode cannot be resolved to a type
	SelectionNode cannot be resolved to a type
	JoinNode cannot be resolved to a type
	JoinNode cannot be resolved to a type

	at query_executor.DataTest.<init>(DataTest.java:1)
	at java.base/java.lang.reflect.Constructor.newInstanceWithCaller(Constructor.java:502)
	at java.base/java.lang.reflect.Constructor.newInstance(Constructor.java:486)
	at java.base/java.util.Optional.orElseGet(Optional.java:364)
	at java.base/java.util.ArrayList.forEach(ArrayList.java:1596)
	at java.base/java.util.ArrayList.forEach(ArrayList.java:1596)
]]></error>
  </testcase>
  <testcase name="innerJoinProducesMergedRowsAndColumns" classname="query_executor.DataTest" time="0.0">
    <error message="Unresolved compilation problems: &#10;	The declared package &quot;query_executor.nodes&quot; does not match the expected package &quot;query_executor&quot;&#10;	RowOperationKind cannot be resolved to a variable&#10;	ColumnOperationKind cannot be resolved to a variable&#10;	SelectionNode cannot be resolved to a type&#10;	SelectionNode cannot be resolved to a type&#10;	SelectionNode cannot be resolved to a type&#10;	SelectionNode cannot be resolved to a type&#10;	RowOperationNode cannot be resolved to a type&#10;	RowOperationNode cannot be resolved to a type&#10;	RowOperationKind cannot be resolved to a variable&#10;	DataReadNode cannot be resolved to a type&#10;	DataReadNode cannot be resolved to a type&#10;	SelectionNode cannot be resolved to a type&#10;	DataReadNode cannot be resolved to a type&#10;	DataReadNode cannot be resolved to a type&#10;	SelectionNode cannot be resolved to a type&#10;	JoinNode cannot be resolved to a type&#10;	JoinNode cannot be resolved to a type&#10;" type="java.lang.Error"><![CDATA[java.lang.Error: 
Unresolved compilation problems: 
	The declared package "query_executor.nodes" does not match the expected package "query_executor"
	RowOperationKind cannot be resolved to a variable
	ColumnOperationKind cannot be resolved to a variable
	SelectionNode cannot be resolved to a type
	SelectionNode cannot be resolved to a type
	SelectionNode cannot be resolved to a type
	SelectionNode cannot be resolved to a type
	RowOperationNode cannot be resolved to a type
	RowOperationNode cannot be resolved to a type
	RowOperationKind cannot be resolved to a variable
	DataReadNode cannot be resolved to a type
	DataReadNode cannot be resolved to a type
	SelectionNode cannot be resolved to a type
	DataReadNode cannot be resolved to a type
	DataReadNode cannot be resolved to a type
	SelectionNode cannot be resolved to a type
	JoinNode cannot be resolved to a type
	JoinNode cannot be resolved to a type

	at query_executor.DataTest.<init>(DataTest.java:1)
	at java.base/java.lang.reflect.Constructor.newInstanceWithCaller(Constructor.java:502)
	at java.base/java.lang.reflect.Constructor.newInstance(Constructor.java:486)
	at java.base/java.util.Optional.orElseGet(Optional.java:364)
	at java.base/java.util.ArrayList.forEach(ArrayList.java:1596)
	at java.base/java.util.ArrayList.forEach(ArrayList.java:1596)
]]></error>
  </testcase>
  <testcase name="fullRowAndColumnValidationsRespectObjectUniverse" classname="query_executor.DataTest" time="0.001">
    <error message="Unresolved compilation problems: &#10;	The declared package &quot;query_executor.nodes&quot; does not match the expected package &quot;query_executor&quot;&#10;	RowOperationKind cannot be resolved to a variable&#10;	ColumnOperationKind cannot be resolved to a variable&#10;	SelectionNode cannot be resolved to a type&#10;	SelectionNode cannot be resolved to a type&#10;	SelectionNode cannot be resolved to a type&#10;	SelectionNode cannot be resolved to a type&#10;	RowOperationNode cannot be resolved to a type&#10;	RowOperationNode cannot be resolved to a type&#10;	RowOperationKind cannot be resolved to a variable&#10;	DataReadNode cannot be resolved to a type&#10;	DataReadNode cannot be resolved to a type&#10;	SelectionNode cannot be resolved to a type&#10;	DataReadNode cannot be resolved to a type&#10;	DataReadNode cannot be resolved to a type&#10;	SelectionNode cannot be resolved to a type&#10;	JoinNode cannot be resolved to a type&#10;	JoinNode cannot be resolved to a type&#10;" type="java.lang.Error"><![CDATA[java.lang.Error: 
Unresolved compilation problems: 
	The declared package "query_executor.nodes" does not match the expected package "query_executor"
	RowOperationKind cannot be resolved to a variable
	ColumnOperationKind cannot be resolved to a variable
	SelectionNode cannot be resolved to a type
	SelectionNode cannot be resolved to a type
	SelectionNode cannot be resolved to a type
	SelectionNode cannot be resolved to a type
	RowOperationNode cannot be resolved to a type
	RowOperationNode cannot be resolved to a type
	RowOperationKind cannot be resolved to a variable
	DataReadNode cannot be resolved to a type
	DataReadNode cannot be resolved to a type
	SelectionNode cannot be resolved to a type
	DataReadNode cannot be resolved to a type
	DataReadNode cannot be resolved to a type
	SelectionNode cannot be resolved to a type
	JoinNode cannot be resolved to a type
	JoinNode cannot be resolved to a type

	at query_executor.DataTest.<init>(DataTest.java:1)
	at java.base/java.lang.reflect.Constructor.newInstanceWithCaller(Constructor.java:502)
	at java.base/java.lang.reflect.Constructor.newInstance(Constructor.java:486)
	at java.base/java.util.Optional.orElseGet(Optional.java:364)
	at java.base/java.util.ArrayList.forEach(ArrayList.java:1596)
	at java.base/java.util.ArrayList.forEach(ArrayList.java:1596)
]]></error>
  </testcase>
  <testcase name="rowOperationNodeRejectsMismatchedDualInputsWithoutJoin" classname="query_executor.DataTest" time="0.0">
    <error message="Unresolved compilation problems: &#10;	The declared package &quot;query_executor.nodes&quot; does not match the expected package &quot;query_executor&quot;&#10;	RowOperationKind cannot be resolved to a variable&#10;	ColumnOperationKind cannot be resolved to a variable&#10;	SelectionNode cannot be resolved to a type&#10;	SelectionNode cannot be resolved to a type&#10;	SelectionNode cannot be resolved to a type&#10;	SelectionNode cannot be resolved to a type&#10;	RowOperationNode cannot be resolved to a type&#10;	RowOperationNode cannot be resolved to a type&#10;	RowOperationKind cannot be resolved to a variable&#10;	DataReadNode cannot be resolved to a type&#10;	DataReadNode cannot be resolved to a type&#10;	SelectionNode cannot be resolved to a type&#10;	DataReadNode cannot be resolved to a type&#10;	DataReadNode cannot be resolved to a type&#10;	SelectionNode cannot be resolved to a type&#10;	JoinNode cannot be resolved to a type&#10;	JoinNode cannot be resolved to a type&#10;" type="java.lang.Error"><![CDATA[java.lang.Error: 
Unresolved compilation problems: 
	The declared package "query_executor.nodes" does not match the expected package "query_executor"
	RowOperationKind cannot be resolved to a variable
	ColumnOperationKind cannot be resolved to a variable
	SelectionNode cannot be resolved to a type
	SelectionNode cannot be resolved to a type
	SelectionNode cannot be resolved to a type
	SelectionNode cannot be resolved to a type
	RowOperationNode cannot be resolved to a type
	RowOperationNode cannot be resolved to a type
	RowOperationKind cannot be resolved to a variable
	DataReadNode cannot be resolved to a type
	DataReadNode cannot be resolved to a type
	SelectionNode cannot be resolved to a type
	DataReadNode cannot be resolved to a type
	DataReadNode cannot be resolved to a type
	SelectionNode cannot be resolved to a type
	JoinNode cannot be resolved to a type
	JoinNode cannot be resolved to a type

	at query_executor.DataTest.<init>(DataTest.java:1)
	at java.base/java.lang.reflect.Constructor.newInstanceWithCaller(Constructor.java:502)
	at java.base/java.lang.reflect.Constructor.newInstance(Constructor.java:486)
	at java.base/java.util.Optional.orElseGet(Optional.java:364)
	at java.base/java.util.ArrayList.forEach(ArrayList.java:1596)
	at java.base/java.util.ArrayList.forEach(ArrayList.java:1596)
]]></error>
  </testcase>
  <testcase name="exactRowSetMatchDetectsDifferentFilteredResults" classname="query_executor.DataTest" time="0.0">
    <error message="Unresolved compilation problems: &#10;	The declared package &quot;query_executor.nodes&quot; does not match the expected package &quot;query_executor&quot;&#10;	RowOperationKind cannot be resolved to a variable&#10;	ColumnOperationKind cannot be resolved to a variable&#10;	SelectionNode cannot be resolved to a type&#10;	SelectionNode cannot be resolved to a type&#10;	SelectionNode cannot be resolved to a type&#10;	SelectionNode cannot be resolved to a type&#10;	RowOperationNode cannot be resolved to a type&#10;	RowOperationNode cannot be resolved to a type&#10;	RowOperationKind cannot be resolved to a variable&#10;	DataReadNode cannot be resolved to a type&#10;	DataReadNode cannot be resolved to a type&#10;	SelectionNode cannot be resolved to a type&#10;	DataReadNode cannot be resolved to a type&#10;	DataReadNode cannot be resolved to a type&#10;	SelectionNode cannot be resolved to a type&#10;	JoinNode cannot be resolved to a type&#10;	JoinNode cannot be resolved to a type&#10;" type="java.lang.Error"><![CDATA[java.lang.Error: 
Unresolved compilation problems: 
	The declared package "query_executor.nodes" does not match the expected package "query_executor"
	RowOperationKind cannot be resolved to a variable
	ColumnOperationKind cannot be resolved to a variable
	SelectionNode cannot be resolved to a type
	SelectionNode cannot be resolved to a type
	SelectionNode cannot be resolved to a type
	SelectionNode cannot be resolved to a type
	RowOperationNode cannot be resolved to a type
	RowOperationNode cannot be resolved to a type
	RowOperationKind cannot be resolved to a variable
	DataReadNode cannot be resolved to a type
	DataReadNode cannot be resolved to a type
	SelectionNode cannot be resolved to a type
	DataReadNode cannot be resolved to a type
	DataReadNode cannot be resolved to a type
	SelectionNode cannot be resolved to a type
	JoinNode cannot be resolved to a type
	JoinNode cannot be resolved to a type

	at query_executor.DataTest.<init>(DataTest.java:1)
	at java.base/java.lang.reflect.Constructor.newInstanceWithCaller(Constructor.java:502)
	at java.base/java.lang.reflect.Constructor.newInstance(Constructor.java:486)
	at java.base/java.util.Optional.orElseGet(Optional.java:364)
	at java.base/java.util.ArrayList.forEach(ArrayList.java:1596)
	at java.base/java.util.ArrayList.forEach(ArrayList.java:1596)
]]></error>
  </testcase>
  <testcase name="joinNodeMakesAmbiguousDualInputBehaviorExplicit" classname="query_executor.DataTest" time="0.0">
    <error message="Unresolved compilation problems: &#10;	The declared package &quot;query_executor.nodes&quot; does not match the expected package &quot;query_executor&quot;&#10;	RowOperationKind cannot be resolved to a variable&#10;	ColumnOperationKind cannot be resolved to a variable&#10;	SelectionNode cannot be resolved to a type&#10;	SelectionNode cannot be resolved to a type&#10;	SelectionNode cannot be resolved to a type&#10;	SelectionNode cannot be resolved to a type&#10;	RowOperationNode cannot be resolved to a type&#10;	RowOperationNode cannot be resolved to a type&#10;	RowOperationKind cannot be resolved to a variable&#10;	DataReadNode cannot be resolved to a type&#10;	DataReadNode cannot be resolved to a type&#10;	SelectionNode cannot be resolved to a type&#10;	DataReadNode cannot be resolved to a type&#10;	DataReadNode cannot be resolved to a type&#10;	SelectionNode cannot be resolved to a type&#10;	JoinNode cannot be resolved to a type&#10;	JoinNode cannot be resolved to a type&#10;" type="java.lang.Error"><![CDATA[java.lang.Error: 
Unresolved compilation problems: 
	The declared package "query_executor.nodes" does not match the expected package "query_executor"
	RowOperationKind cannot be resolved to a variable
	ColumnOperationKind cannot be resolved to a variable
	SelectionNode cannot be resolved to a type
	SelectionNode cannot be resolved to a type
	SelectionNode cannot be resolved to a type
	SelectionNode cannot be resolved to a type
	RowOperationNode cannot be resolved to a type
	RowOperationNode cannot be resolved to a type
	RowOperationKind cannot be resolved to a variable
	DataReadNode cannot be resolved to a type
	DataReadNode cannot be resolved to a type
	SelectionNode cannot be resolved to a type
	DataReadNode cannot be resolved to a type
	DataReadNode cannot be resolved to a type
	SelectionNode cannot be resolved to a type
	JoinNode cannot be resolved to a type
	JoinNode cannot be resolved to a type

	at query_executor.DataTest.<init>(DataTest.java:1)
	at java.base/java.lang.reflect.Constructor.newInstanceWithCaller(Constructor.java:502)
	at java.base/java.lang.reflect.Constructor.newInstance(Constructor.java:486)
	at java.base/java.util.Optional.orElseGet(Optional.java:364)
	at java.base/java.util.ArrayList.forEach(ArrayList.java:1596)
	at java.base/java.util.ArrayList.forEach(ArrayList.java:1596)
]]></error>
  </testcase>
  <testcase name="rowOperationProducesSingleDerivedColumn" classname="query_executor.DataTest" time="0.001">
    <error message="Unresolved compilation problems: &#10;	The declared package &quot;query_executor.nodes&quot; does not match the expected package &quot;query_executor&quot;&#10;	RowOperationKind cannot be resolved to a variable&#10;	ColumnOperationKind cannot be resolved to a variable&#10;	SelectionNode cannot be resolved to a type&#10;	SelectionNode cannot be resolved to a type&#10;	SelectionNode cannot be resolved to a type&#10;	SelectionNode cannot be resolved to a type&#10;	RowOperationNode cannot be resolved to a type&#10;	RowOperationNode cannot be resolved to a type&#10;	RowOperationKind cannot be resolved to a variable&#10;	DataReadNode cannot be resolved to a type&#10;	DataReadNode cannot be resolved to a type&#10;	SelectionNode cannot be resolved to a type&#10;	DataReadNode cannot be resolved to a type&#10;	DataReadNode cannot be resolved to a type&#10;	SelectionNode cannot be resolved to a type&#10;	JoinNode cannot be resolved to a type&#10;	JoinNode cannot be resolved to a type&#10;" type="java.lang.Error"><![CDATA[java.lang.Error: 
Unresolved compilation problems: 
	The declared package "query_executor.nodes" does not match the expected package "query_executor"
	RowOperationKind cannot be resolved to a variable
	ColumnOperationKind cannot be resolved to a variable
	SelectionNode cannot be resolved to a type
	SelectionNode cannot be resolved to a type
	SelectionNode cannot be resolved to a type
	SelectionNode cannot be resolved to a type
	RowOperationNode cannot be resolved to a type
	RowOperationNode cannot be resolved to a type
	RowOperationKind cannot be resolved to a variable
	DataReadNode cannot be resolved to a type
	DataReadNode cannot be resolved to a type
	SelectionNode cannot be resolved to a type
	DataReadNode cannot be resolved to a type
	DataReadNode cannot be resolved to a type
	SelectionNode cannot be resolved to a type
	JoinNode cannot be resolved to a type
	JoinNode cannot be resolved to a type

	at query_executor.DataTest.<init>(DataTest.java:1)
	at java.base/java.lang.reflect.Constructor.newInstanceWithCaller(Constructor.java:502)
	at java.base/java.lang.reflect.Constructor.newInstance(Constructor.java:486)
	at java.base/java.util.Optional.orElseGet(Optional.java:364)
	at java.base/java.util.ArrayList.forEach(ArrayList.java:1596)
	at java.base/java.util.ArrayList.forEach(ArrayList.java:1596)
]]></error>
  </testcase>
</testsuite>